[0.727s] Invoking command in '/home/cobrander/myRobot/src/mybot_description': PYTHONPATH=/home/cobrander/myRobot/build/mybot_description/prefix_override:/usr/lib/python3/dist-packages/colcon_core/task/python/colcon_distutils_commands:/home/cobrander/myRobot/install/mybot_description/lib/python3.10/site-packages:${PYTHONPATH} /usr/bin/python3 -W ignore:setup.py install is deprecated -W ignore:easy_install command is deprecated setup.py egg_info --egg-base ../../build/mybot_description build --build-base /home/cobrander/myRobot/build/mybot_description/build install --record /home/cobrander/myRobot/build/mybot_description/install.log --single-version-externally-managed install_data
[0.990s] running egg_info
[0.991s] writing ../../build/mybot_description/mybot_description.egg-info/PKG-INFO
[0.991s] writing dependency_links to ../../build/mybot_description/mybot_description.egg-info/dependency_links.txt
[0.992s] writing entry points to ../../build/mybot_description/mybot_description.egg-info/entry_points.txt
[0.992s] writing requirements to ../../build/mybot_description/mybot_description.egg-info/requires.txt
[0.992s] writing top-level names to ../../build/mybot_description/mybot_description.egg-info/top_level.txt
[0.994s] reading manifest file '../../build/mybot_description/mybot_description.egg-info/SOURCES.txt'
[0.995s] writing manifest file '../../build/mybot_description/mybot_description.egg-info/SOURCES.txt'
[0.995s] running build
[0.995s] running build_py
[0.996s] running install
[0.996s] running install_lib
[0.997s] running install_data
[0.997s] running install_egg_info
[1.000s] removing '/home/cobrander/myRobot/install/mybot_description/lib/python3.10/site-packages/mybot_description-0.0.0-py3.10.egg-info' (and everything under it)
[1.001s] Copying ../../build/mybot_description/mybot_description.egg-info to /home/cobrander/myRobot/install/mybot_description/lib/python3.10/site-packages/mybot_description-0.0.0-py3.10.egg-info
[1.002s] running install_scripts
[1.027s] writing list of installed files to '/home/cobrander/myRobot/build/mybot_description/install.log'
[1.058s] Invoked command in '/home/cobrander/myRobot/src/mybot_description' returned '0': PYTHONPATH=/home/cobrander/myRobot/build/mybot_description/prefix_override:/usr/lib/python3/dist-packages/colcon_core/task/python/colcon_distutils_commands:/home/cobrander/myRobot/install/mybot_description/lib/python3.10/site-packages:${PYTHONPATH} /usr/bin/python3 -W ignore:setup.py install is deprecated -W ignore:easy_install command is deprecated setup.py egg_info --egg-base ../../build/mybot_description build --build-base /home/cobrander/myRobot/build/mybot_description/build install --record /home/cobrander/myRobot/build/mybot_description/install.log --single-version-externally-managed install_data
