[1.790s] Invoking command in '/home/cobrander/myRobot/src/mybot_description': PYTHONPATH=/home/cobrander/myRobot/build/mybot_description/prefix_override:/usr/lib/python3/dist-packages/colcon_core/task/python/colcon_distutils_commands:/home/cobrander/myRobot/install/mybot_description/lib/python3.10/site-packages:${PYTHONPATH} /usr/bin/python3 -W ignore:setup.py install is deprecated -W ignore:easy_install command is deprecated setup.py egg_info --egg-base ../../build/mybot_description build --build-base /home/cobrander/myRobot/build/mybot_description/build install --record /home/cobrander/myRobot/build/mybot_description/install.log --single-version-externally-managed install_data
[2.300s] running egg_info
[2.301s] writing ../../build/mybot_description/mybot_description.egg-info/PKG-INFO
[2.329s] writing dependency_links to ../../build/mybot_description/mybot_description.egg-info/dependency_links.txt
[2.329s] writing entry points to ../../build/mybot_description/mybot_description.egg-info/entry_points.txt
[2.329s] writing requirements to ../../build/mybot_description/mybot_description.egg-info/requires.txt
[2.330s] writing top-level names to ../../build/mybot_description/mybot_description.egg-info/top_level.txt
[2.336s] reading manifest file '../../build/mybot_description/mybot_description.egg-info/SOURCES.txt'
[2.339s] writing manifest file '../../build/mybot_description/mybot_description.egg-info/SOURCES.txt'
[2.339s] running build
[2.340s] running build_py
[2.341s] running install
[2.342s] running install_lib
[2.347s] running install_data
[2.348s] running install_egg_info
[2.353s] removing '/home/cobrander/myRobot/install/mybot_description/lib/python3.10/site-packages/mybot_description-0.0.0-py3.10.egg-info' (and everything under it)
[2.354s] Copying ../../build/mybot_description/mybot_description.egg-info to /home/cobrander/myRobot/install/mybot_description/lib/python3.10/site-packages/mybot_description-0.0.0-py3.10.egg-info
[2.357s] running install_scripts
[2.403s] writing list of installed files to '/home/cobrander/myRobot/build/mybot_description/install.log'
[2.461s] Invoked command in '/home/cobrander/myRobot/src/mybot_description' returned '0': PYTHONPATH=/home/cobrander/myRobot/build/mybot_description/prefix_override:/usr/lib/python3/dist-packages/colcon_core/task/python/colcon_distutils_commands:/home/cobrander/myRobot/install/mybot_description/lib/python3.10/site-packages:${PYTHONPATH} /usr/bin/python3 -W ignore:setup.py install is deprecated -W ignore:easy_install command is deprecated setup.py egg_info --egg-base ../../build/mybot_description build --build-base /home/cobrander/myRobot/build/mybot_description/build install --record /home/cobrander/myRobot/build/mybot_description/install.log --single-version-externally-managed install_data
