[0.243s] DEBUG:colcon:Command line arguments: ['/usr/bin/colcon', 'build']
[0.243s] DEBUG:colcon:Parsed command line arguments: Namespace(log_base=None, log_level=None, verb_name='build', build_base='build', install_base='install', merge_install=False, symlink_install=False, test_result_base=None, continue_on_error=False, executor='parallel', parallel_workers=8, event_handlers=None, ignore_user_meta=False, metas=['./colcon.meta'], base_paths=['.'], packages_ignore=None, packages_ignore_regex=None, paths=None, packages_up_to=None, packages_up_to_regex=None, packages_above=None, packages_above_and_dependencies=None, packages_above_depth=None, packages_select_by_dep=None, packages_skip_by_dep=None, packages_skip_up_to=None, packages_select_build_failed=False, packages_skip_build_finished=False, packages_select_test_failures=False, packages_skip_test_passed=False, packages_select=None, packages_skip=None, packages_select_regex=None, packages_skip_regex=None, packages_start=None, packages_end=None, allow_overriding=[], cmake_args=None, cmake_target=None, cmake_target_skip_unavailable=False, cmake_clean_cache=False, cmake_clean_first=False, cmake_force_configure=False, ament_cmake_args=None, catkin_cmake_args=None, catkin_skip_building_tests=False, verb_parser=<colcon_defaults.argument_parser.defaults.DefaultArgumentsDecorator object at 0x70d20061bc40>, verb_extension=<colcon_core.verb.build.BuildVerb object at 0x70d20061b730>, main=<bound method BuildVerb.main of <colcon_core.verb.build.BuildVerb object at 0x70d20061b730>>)
[0.700s] Level 1:colcon.colcon_core.package_discovery:discover_packages(colcon_meta) check parameters
[0.701s] Level 1:colcon.colcon_core.package_discovery:discover_packages(recursive) check parameters
[0.701s] Level 1:colcon.colcon_core.package_discovery:discover_packages(ignore) check parameters
[0.701s] Level 1:colcon.colcon_core.package_discovery:discover_packages(path) check parameters
[0.701s] Level 1:colcon.colcon_core.package_discovery:discover_packages(colcon_meta) discover
[0.701s] Level 1:colcon.colcon_core.package_discovery:discover_packages(recursive) discover
[0.701s] INFO:colcon.colcon_core.package_discovery:Crawling recursively for packages in '/home/cobrander/myRobot'
[0.701s] Level 1:colcon.colcon_core.package_identification:_identify(.) by extensions ['ignore', 'ignore_ament_install']
[0.701s] Level 1:colcon.colcon_core.package_identification:_identify(.) by extension 'ignore'
[0.701s] Level 1:colcon.colcon_core.package_identification:_identify(.) by extension 'ignore_ament_install'
[0.701s] Level 1:colcon.colcon_core.package_identification:_identify(.) by extensions ['colcon_pkg']
[0.701s] Level 1:colcon.colcon_core.package_identification:_identify(.) by extension 'colcon_pkg'
[0.701s] Level 1:colcon.colcon_core.package_identification:_identify(.) by extensions ['colcon_meta']
[0.701s] Level 1:colcon.colcon_core.package_identification:_identify(.) by extension 'colcon_meta'
[0.701s] Level 1:colcon.colcon_core.package_identification:_identify(.) by extensions ['ros']
[0.701s] Level 1:colcon.colcon_core.package_identification:_identify(.) by extension 'ros'
[0.714s] Level 1:colcon.colcon_core.package_identification:_identify(.) by extensions ['cmake', 'python']
[0.714s] Level 1:colcon.colcon_core.package_identification:_identify(.) by extension 'cmake'
[0.714s] Level 1:colcon.colcon_core.package_identification:_identify(.) by extension 'python'
[0.714s] Level 1:colcon.colcon_core.package_identification:_identify(.) by extensions ['python_setup_py']
[0.714s] Level 1:colcon.colcon_core.package_identification:_identify(.) by extension 'python_setup_py'
[0.714s] Level 1:colcon.colcon_core.package_identification:_identify(build) by extensions ['ignore', 'ignore_ament_install']
[0.714s] Level 1:colcon.colcon_core.package_identification:_identify(build) by extension 'ignore'
[0.715s] Level 1:colcon.colcon_core.package_identification:_identify(build) ignored
[0.715s] Level 1:colcon.colcon_core.package_identification:_identify(install) by extensions ['ignore', 'ignore_ament_install']
[0.715s] Level 1:colcon.colcon_core.package_identification:_identify(install) by extension 'ignore'
[0.715s] Level 1:colcon.colcon_core.package_identification:_identify(install) ignored
[0.715s] Level 1:colcon.colcon_core.package_identification:_identify(log) by extensions ['ignore', 'ignore_ament_install']
[0.715s] Level 1:colcon.colcon_core.package_identification:_identify(log) by extension 'ignore'
[0.715s] Level 1:colcon.colcon_core.package_identification:_identify(log) ignored
[0.715s] Level 1:colcon.colcon_core.package_identification:_identify(src) by extensions ['ignore', 'ignore_ament_install']
[0.715s] Level 1:colcon.colcon_core.package_identification:_identify(src) by extension 'ignore'
[0.715s] Level 1:colcon.colcon_core.package_identification:_identify(src) by extension 'ignore_ament_install'
[0.715s] Level 1:colcon.colcon_core.package_identification:_identify(src) by extensions ['colcon_pkg']
[0.715s] Level 1:colcon.colcon_core.package_identification:_identify(src) by extension 'colcon_pkg'
[0.715s] Level 1:colcon.colcon_core.package_identification:_identify(src) by extensions ['colcon_meta']
[0.715s] Level 1:colcon.colcon_core.package_identification:_identify(src) by extension 'colcon_meta'
[0.715s] Level 1:colcon.colcon_core.package_identification:_identify(src) by extensions ['ros']
[0.715s] Level 1:colcon.colcon_core.package_identification:_identify(src) by extension 'ros'
[0.715s] Level 1:colcon.colcon_core.package_identification:_identify(src) by extensions ['cmake', 'python']
[0.715s] Level 1:colcon.colcon_core.package_identification:_identify(src) by extension 'cmake'
[0.716s] Level 1:colcon.colcon_core.package_identification:_identify(src) by extension 'python'
[0.716s] Level 1:colcon.colcon_core.package_identification:_identify(src) by extensions ['python_setup_py']
[0.716s] Level 1:colcon.colcon_core.package_identification:_identify(src) by extension 'python_setup_py'
[0.716s] Level 1:colcon.colcon_core.package_identification:_identify(src/mybot_description) by extensions ['ignore', 'ignore_ament_install']
[0.716s] Level 1:colcon.colcon_core.package_identification:_identify(src/mybot_description) by extension 'ignore'
[0.716s] Level 1:colcon.colcon_core.package_identification:_identify(src/mybot_description) by extension 'ignore_ament_install'
[0.716s] Level 1:colcon.colcon_core.package_identification:_identify(src/mybot_description) by extensions ['colcon_pkg']
[0.716s] Level 1:colcon.colcon_core.package_identification:_identify(src/mybot_description) by extension 'colcon_pkg'
[0.716s] Level 1:colcon.colcon_core.package_identification:_identify(src/mybot_description) by extensions ['colcon_meta']
[0.716s] Level 1:colcon.colcon_core.package_identification:_identify(src/mybot_description) by extension 'colcon_meta'
[0.716s] Level 1:colcon.colcon_core.package_identification:_identify(src/mybot_description) by extensions ['ros']
[0.716s] Level 1:colcon.colcon_core.package_identification:_identify(src/mybot_description) by extension 'ros'
[0.720s] DEBUG:colcon.colcon_core.package_identification:Package 'src/mybot_description' with type 'ros.ament_python' and name 'mybot_description'
[0.720s] Level 1:colcon.colcon_core.package_discovery:discover_packages(recursive) using defaults
[0.720s] Level 1:colcon.colcon_core.package_discovery:discover_packages(ignore) discover
[0.720s] Level 1:colcon.colcon_core.package_discovery:discover_packages(ignore) using defaults
[0.720s] Level 1:colcon.colcon_core.package_discovery:discover_packages(path) discover
[0.720s] Level 1:colcon.colcon_core.package_discovery:discover_packages(path) using defaults
[0.762s] Level 1:colcon.colcon_core.package_discovery:discover_packages(prefix_path) check parameters
[0.762s] Level 1:colcon.colcon_core.package_discovery:discover_packages(prefix_path) discover
[0.771s] DEBUG:colcon.colcon_installed_package_information.package_discovery:Found 379 installed packages in /opt/ros/humble
[0.793s] Level 1:colcon.colcon_core.package_discovery:discover_packages(prefix_path) using defaults
[0.858s] Level 5:colcon.colcon_core.verb:set package 'mybot_description' build argument 'cmake_args' from command line to 'None'
[0.858s] Level 5:colcon.colcon_core.verb:set package 'mybot_description' build argument 'cmake_target' from command line to 'None'
[0.859s] Level 5:colcon.colcon_core.verb:set package 'mybot_description' build argument 'cmake_target_skip_unavailable' from command line to 'False'
[0.859s] Level 5:colcon.colcon_core.verb:set package 'mybot_description' build argument 'cmake_clean_cache' from command line to 'False'
[0.859s] Level 5:colcon.colcon_core.verb:set package 'mybot_description' build argument 'cmake_clean_first' from command line to 'False'
[0.859s] Level 5:colcon.colcon_core.verb:set package 'mybot_description' build argument 'cmake_force_configure' from command line to 'False'
[0.859s] Level 5:colcon.colcon_core.verb:set package 'mybot_description' build argument 'ament_cmake_args' from command line to 'None'
[0.859s] Level 5:colcon.colcon_core.verb:set package 'mybot_description' build argument 'catkin_cmake_args' from command line to 'None'
[0.859s] Level 5:colcon.colcon_core.verb:set package 'mybot_description' build argument 'catkin_skip_building_tests' from command line to 'False'
[0.859s] DEBUG:colcon.colcon_core.verb:Building package 'mybot_description' with the following arguments: {'ament_cmake_args': None, 'build_base': '/home/cobrander/myRobot/build/mybot_description', 'catkin_cmake_args': None, 'catkin_skip_building_tests': False, 'cmake_args': None, 'cmake_clean_cache': False, 'cmake_clean_first': False, 'cmake_force_configure': False, 'cmake_target': None, 'cmake_target_skip_unavailable': False, 'install_base': '/home/cobrander/myRobot/install/mybot_description', 'merge_install': False, 'path': '/home/cobrander/myRobot/src/mybot_description', 'symlink_install': False, 'test_result_base': None}
[0.859s] INFO:colcon.colcon_core.executor:Executing jobs using 'parallel' executor
[0.861s] DEBUG:colcon.colcon_parallel_executor.executor.parallel:run_until_complete
[0.862s] INFO:colcon.colcon_ros.task.ament_python.build:Building ROS package in '/home/cobrander/myRobot/src/mybot_description' with build type 'ament_python'
[0.862s] Level 1:colcon.colcon_core.shell:create_environment_hook('mybot_description', 'ament_prefix_path')
[0.871s] INFO:colcon.colcon_core.plugin_system:Skipping extension 'colcon_core.shell.bat': Not used on non-Windows systems
[0.871s] INFO:colcon.colcon_core.shell:Creating environment hook '/home/cobrander/myRobot/install/mybot_description/share/mybot_description/hook/ament_prefix_path.ps1'
[0.873s] INFO:colcon.colcon_core.shell:Creating environment descriptor '/home/cobrander/myRobot/install/mybot_description/share/mybot_description/hook/ament_prefix_path.dsv'
[0.874s] INFO:colcon.colcon_core.shell:Creating environment hook '/home/cobrander/myRobot/install/mybot_description/share/mybot_description/hook/ament_prefix_path.sh'
[0.876s] INFO:colcon.colcon_core.shell:Skip shell extension 'powershell' for command environment: Not usable outside of PowerShell
[0.876s] DEBUG:colcon.colcon_core.shell:Skip shell extension 'dsv' for command environment
[1.200s] INFO:colcon.colcon_core.task.python.build:Building Python package in '/home/cobrander/myRobot/src/mybot_description'
[1.200s] INFO:colcon.colcon_core.shell:Skip shell extension 'powershell' for command environment: Not usable outside of PowerShell
[1.200s] DEBUG:colcon.colcon_core.shell:Skip shell extension 'dsv' for command environment
[1.975s] DEBUG:colcon.colcon_core.event_handler.log_command:Invoking command in '/home/cobrander/myRobot/src/mybot_description': PYTHONPATH=/home/cobrander/myRobot/build/mybot_description/prefix_override:/usr/lib/python3/dist-packages/colcon_core/task/python/colcon_distutils_commands:/home/cobrander/myRobot/install/mybot_description/lib/python3.10/site-packages:${PYTHONPATH} /usr/bin/python3 -W ignore:setup.py install is deprecated -W ignore:easy_install command is deprecated setup.py egg_info --egg-base ../../build/mybot_description build --build-base /home/cobrander/myRobot/build/mybot_description/build install --record /home/cobrander/myRobot/build/mybot_description/install.log --single-version-externally-managed install_data
[2.355s] DEBUG:colcon.colcon_core.event_handler.log_command:Invoked command in '/home/cobrander/myRobot/src/mybot_description' returned '0': PYTHONPATH=/home/cobrander/myRobot/build/mybot_description/prefix_override:/usr/lib/python3/dist-packages/colcon_core/task/python/colcon_distutils_commands:/home/cobrander/myRobot/install/mybot_description/lib/python3.10/site-packages:${PYTHONPATH} /usr/bin/python3 -W ignore:setup.py install is deprecated -W ignore:easy_install command is deprecated setup.py egg_info --egg-base ../../build/mybot_description build --build-base /home/cobrander/myRobot/build/mybot_description/build install --record /home/cobrander/myRobot/build/mybot_description/install.log --single-version-externally-managed install_data
[2.372s] Level 1:colcon.colcon_core.environment:checking '/home/cobrander/myRobot/install/mybot_description' for CMake module files
[2.372s] Level 1:colcon.colcon_core.environment:checking '/home/cobrander/myRobot/install/mybot_description' for CMake config files
[2.373s] Level 1:colcon.colcon_core.environment:checking '/home/cobrander/myRobot/install/mybot_description/lib'
[2.374s] Level 1:colcon.colcon_core.environment:checking '/home/cobrander/myRobot/install/mybot_description/bin'
[2.374s] Level 1:colcon.colcon_core.environment:checking '/home/cobrander/myRobot/install/mybot_description/lib/pkgconfig/mybot_description.pc'
[2.374s] Level 1:colcon.colcon_core.environment:checking '/home/cobrander/myRobot/install/mybot_description/lib/python3.10/site-packages'
[2.374s] Level 1:colcon.colcon_core.shell:create_environment_hook('mybot_description', 'pythonpath')
[2.375s] INFO:colcon.colcon_core.shell:Creating environment hook '/home/cobrander/myRobot/install/mybot_description/share/mybot_description/hook/pythonpath.ps1'
[2.375s] INFO:colcon.colcon_core.shell:Creating environment descriptor '/home/cobrander/myRobot/install/mybot_description/share/mybot_description/hook/pythonpath.dsv'
[2.376s] INFO:colcon.colcon_core.shell:Creating environment hook '/home/cobrander/myRobot/install/mybot_description/share/mybot_description/hook/pythonpath.sh'
[2.377s] Level 1:colcon.colcon_core.environment:checking '/home/cobrander/myRobot/install/mybot_description/bin'
[2.377s] Level 1:colcon.colcon_core.environment:create_environment_scripts_only(mybot_description)
[2.377s] INFO:colcon.colcon_core.shell:Creating package script '/home/cobrander/myRobot/install/mybot_description/share/mybot_description/package.ps1'
[2.379s] INFO:colcon.colcon_core.shell:Creating package descriptor '/home/cobrander/myRobot/install/mybot_description/share/mybot_description/package.dsv'
[2.380s] INFO:colcon.colcon_core.shell:Creating package script '/home/cobrander/myRobot/install/mybot_description/share/mybot_description/package.sh'
[2.381s] INFO:colcon.colcon_core.shell:Creating package script '/home/cobrander/myRobot/install/mybot_description/share/mybot_description/package.bash'
[2.383s] INFO:colcon.colcon_core.shell:Creating package script '/home/cobrander/myRobot/install/mybot_description/share/mybot_description/package.zsh'
[2.384s] Level 1:colcon.colcon_core.environment:create_file_with_runtime_dependencies(/home/cobrander/myRobot/install/mybot_description/share/colcon-core/packages/mybot_description)
[2.385s] DEBUG:colcon.colcon_parallel_executor.executor.parallel:closing loop
[2.385s] DEBUG:colcon.colcon_parallel_executor.executor.parallel:loop closed
[2.385s] DEBUG:colcon.colcon_parallel_executor.executor.parallel:run_until_complete finished with '0'
[2.385s] DEBUG:colcon.colcon_core.event_reactor:joining thread
[2.393s] INFO:colcon.colcon_core.plugin_system:Skipping extension 'colcon_notification.desktop_notification.terminal_notifier': Not used on non-Darwin systems
[2.393s] INFO:colcon.colcon_core.plugin_system:Skipping extension 'colcon_notification.desktop_notification.win32': Not used on non-Windows systems
[2.393s] INFO:colcon.colcon_notification.desktop_notification:Sending desktop notification using 'notify2'
[2.421s] DEBUG:colcon.colcon_core.event_reactor:joined thread
[2.421s] INFO:colcon.colcon_core.shell:Creating prefix script '/home/cobrander/myRobot/install/local_setup.ps1'
[2.423s] INFO:colcon.colcon_core.shell:Creating prefix util module '/home/cobrander/myRobot/install/_local_setup_util_ps1.py'
[2.425s] INFO:colcon.colcon_core.shell:Creating prefix chain script '/home/cobrander/myRobot/install/setup.ps1'
[2.427s] INFO:colcon.colcon_core.shell:Creating prefix script '/home/cobrander/myRobot/install/local_setup.sh'
[2.429s] INFO:colcon.colcon_core.shell:Creating prefix util module '/home/cobrander/myRobot/install/_local_setup_util_sh.py'
[2.430s] INFO:colcon.colcon_core.shell:Creating prefix chain script '/home/cobrander/myRobot/install/setup.sh'
[2.434s] INFO:colcon.colcon_core.shell:Creating prefix script '/home/cobrander/myRobot/install/local_setup.bash'
[2.444s] INFO:colcon.colcon_core.shell:Creating prefix chain script '/home/cobrander/myRobot/install/setup.bash'
[2.446s] INFO:colcon.colcon_core.shell:Creating prefix script '/home/cobrander/myRobot/install/local_setup.zsh'
[2.447s] INFO:colcon.colcon_core.shell:Creating prefix chain script '/home/cobrander/myRobot/install/setup.zsh'
