[1.112s] Invoking command in '/home/cobrander/myRobot/src/mybot_description': PYTHONPATH=/home/cobrander/myRobot/build/mybot_description/prefix_override:/usr/lib/python3/dist-packages/colcon_core/task/python/colcon_distutils_commands:/home/cobrander/myRobot/install/mybot_description/lib/python3.10/site-packages:${PYTHONPATH} /usr/bin/python3 -W ignore:setup.py install is deprecated -W ignore:easy_install command is deprecated setup.py egg_info --egg-base ../../build/mybot_description build --build-base /home/cobrander/myRobot/build/mybot_description/build install --record /home/cobrander/myRobot/build/mybot_description/install.log --single-version-externally-managed install_data
[1.416s] running egg_info
[1.417s] creating ../../build/mybot_description/mybot_description.egg-info
[1.417s] writing ../../build/mybot_description/mybot_description.egg-info/PKG-INFO
[1.417s] writing dependency_links to ../../build/mybot_description/mybot_description.egg-info/dependency_links.txt
[1.417s] writing entry points to ../../build/mybot_description/mybot_description.egg-info/entry_points.txt
[1.417s] writing requirements to ../../build/mybot_description/mybot_description.egg-info/requires.txt
[1.417s] writing top-level names to ../../build/mybot_description/mybot_description.egg-info/top_level.txt
[1.418s] writing manifest file '../../build/mybot_description/mybot_description.egg-info/SOURCES.txt'
[1.420s] reading manifest file '../../build/mybot_description/mybot_description.egg-info/SOURCES.txt'
[1.421s] writing manifest file '../../build/mybot_description/mybot_description.egg-info/SOURCES.txt'
[1.422s] running build
[1.423s] running build_py
[1.423s] creating /home/cobrander/myRobot/build/mybot_description/build
[1.423s] creating /home/cobrander/myRobot/build/mybot_description/build/lib
[1.423s] creating /home/cobrander/myRobot/build/mybot_description/build/lib/mybot_description
[1.423s] copying mybot_description/__init__.py -> /home/cobrander/myRobot/build/mybot_description/build/lib/mybot_description
[1.423s] running install
[1.424s] running install_lib
[1.424s] creating /home/cobrander/myRobot/install/mybot_description/lib/python3.10/site-packages/mybot_description
[1.424s] copying /home/cobrander/myRobot/build/mybot_description/build/lib/mybot_description/__init__.py -> /home/cobrander/myRobot/install/mybot_description/lib/python3.10/site-packages/mybot_description
[1.425s] byte-compiling /home/cobrander/myRobot/install/mybot_description/lib/python3.10/site-packages/mybot_description/__init__.py to __init__.cpython-310.pyc
[1.425s] running install_data
[1.426s] creating /home/cobrander/myRobot/install/mybot_description/share/ament_index
[1.426s] creating /home/cobrander/myRobot/install/mybot_description/share/ament_index/resource_index
[1.426s] creating /home/cobrander/myRobot/install/mybot_description/share/ament_index/resource_index/packages
[1.426s] copying resource/mybot_description -> /home/cobrander/myRobot/install/mybot_description/share/ament_index/resource_index/packages
[1.426s] copying package.xml -> /home/cobrander/myRobot/install/mybot_description/share/mybot_description
[1.426s] running install_egg_info
[1.431s] Copying ../../build/mybot_description/mybot_description.egg-info to /home/cobrander/myRobot/install/mybot_description/lib/python3.10/site-packages/mybot_description-0.0.0-py3.10.egg-info
[1.432s] running install_scripts
[1.454s] writing list of installed files to '/home/cobrander/myRobot/build/mybot_description/install.log'
[1.492s] Invoked command in '/home/cobrander/myRobot/src/mybot_description' returned '0': PYTHONPATH=/home/cobrander/myRobot/build/mybot_description/prefix_override:/usr/lib/python3/dist-packages/colcon_core/task/python/colcon_distutils_commands:/home/cobrander/myRobot/install/mybot_description/lib/python3.10/site-packages:${PYTHONPATH} /usr/bin/python3 -W ignore:setup.py install is deprecated -W ignore:easy_install command is deprecated setup.py egg_info --egg-base ../../build/mybot_description build --build-base /home/cobrander/myRobot/build/mybot_description/build install --record /home/cobrander/myRobot/build/mybot_description/install.log --single-version-externally-managed install_data
